# JRE version: OpenJDK Runtime Environment Temurin-21.0.9+10 (21.0.9+10) (build 21.0.9+10-LTS)
# Java VM: OpenJDK 64-Bit Server VM Temurin-21.0.9+10 (21.0.9+10-LTS, mixed mode, sharing, tiered, compressed oops, compressed class ptrs, parallel gc, windows-amd64)
GC Precious Log:
 CardTable entry size: 512
 CPUs: 8 total, 8 available
 Memory: 8006M
 Large Page Support: Disabled
 NUMA Support: Disabled
 Compressed Oops: Enabled (32-bit)
 Alignments: Space 512K, Generation 512K, Heap 2M
 Heap Min Capacity: 100M
 Heap Initial Capacity: 100M
 Heap Max Capacity: 2G
 Pre-touch: Disabled
 Parallel Workers: 8
Heap:
 PSYoungGen      total 3584K, used 863K [0x00000000d5580000, 0x00000000d5a80000, 0x0000000100000000)
  eden space 3072K, 21% used [0x00000000d5580000,0x00000000d5627f40,0x00000000d5880000)
  from space 512K, 37% used [0x00000000d5a00000,0x00000000d5a30000,0x00000000d5a80000)
  to   space 512K, 0% used [0x00000000d5980000,0x00000000d5980000,0x00000000d5a00000)
 ParOldGen       total 207360K, used 206923K [0x0000000080000000, 0x000000008ca80000, 0x00000000d5580000)
  object space 207360K, 99% used [0x0000000080000000,0x000000008ca12fc0,0x000000008ca80000)
 Metaspace       used 67324K, committed 68864K, reserved 1114112K
  class space    used 7063K, committed 7744K, reserved 1048576K
GC Heap History (20 events):
Event: 128.016 GC heap before
{Heap before GC invocations=336 (full 3):
 PSYoungGen      total 5632K, used 5604K [0x00000000d5580000, 0x00000000d5d80000, 0x0000000100000000)
  eden space 4608K, 100% used [0x00000000d5580000,0x00000000d5a00000,0x00000000d5a00000)
  from space 1024K, 97% used [0x00000000d5b80000,0x00000000d5c79298,0x00000000d5c80000)
  to   space 1536K, 0% used [0x00000000d5a00000,0x00000000d5a00000,0x00000000d5b80000)
 ParOldGen       total 201216K, used 201154K [0x0000000080000000, 0x000000008c480000, 0x00000000d5580000)
  object space 201216K, 99% used [0x0000000080000000,0x000000008c470bb0,0x000000008c480000)
 Metaspace       used 65694K, committed 67136K, reserved 1114112K
  class space    used 6928K, committed 7552K, reserved 1048576K
}
Event: 128.020 GC heap after
{Heap after GC invocations=336 (full 3):
 PSYoungGen      total 6144K, used 1216K [0x00000000d5580000, 0x00000000d5d00000, 0x0000000100000000)
  eden space 4608K, 0% used [0x00000000d5580000,0x00000000d5580000,0x00000000d5a00000)
  from space 1536K, 79% used [0x00000000d5a00000,0x00000000d5b30000,0x00000000d5b80000)
  to   space 1536K, 0% used [0x00000000d5b80000,0x00000000d5b80000,0x00000000d5d00000)
 ParOldGen       total 202240K, used 201951K [0x0000000080000000, 0x000000008c580000, 0x00000000d5580000)
  object space 202240K, 99% used [0x0000000080000000,0x000000008c537e70,0x000000008c580000)
 Metaspace       used 65694K, committed 67136K, reserved 1114112K
  class space    used 6928K, committed 7552K, reserved 1048576K
}
Event: 128.651 GC heap before
{Heap before GC invocations=337 (full 3):
 PSYoungGen      total 6144K, used 5824K [0x00000000d5580000, 0x00000000d5d00000, 0x0000000100000000)
  eden space 4608K, 100% used [0x00000000d5580000,0x00000000d5a00000,0x00000000d5a00000)
  from space 1536K, 79% used [0x00000000d5a00000,0x00000000d5b30000,0x00000000d5b80000)
  to   space 1536K, 0% used [0x00000000d5b80000,0x00000000d5b80000,0x00000000d5d00000)
 ParOldGen       total 202240K, used 201951K [0x0000000080000000, 0x000000008c580000, 0x00000000d5580000)
  object space 202240K, 99% used [0x0000000080000000,0x000000008c537e70,0x000000008c580000)
 Metaspace       used 65720K, committed 67136K, reserved 1114112K
  class space    used 6928K, committed 7552K, reserved 1048576K
}
Event: 128.656 GC heap after
{Heap after GC invocations=337 (full 3):
 PSYoungGen      total 4608K, used 1521K [0x00000000d5580000, 0x00000000d6000000, 0x0000000100000000)
  eden space 3072K, 0% used [0x00000000d5580000,0x00000000d5580000,0x00000000d5880000)
  from space 1536K, 99% used [0x00000000d5b80000,0x00000000d5cfc498,0x00000000d5d00000)
  to   space 3072K, 0% used [0x00000000d5880000,0x00000000d5880000,0x00000000d5b80000)
 ParOldGen       total 203264K, used 203135K [0x0000000080000000, 0x000000008c680000, 0x00000000d5580000)
  object space 203264K, 99% used [0x0000000080000000,0x000000008c65fe70,0x000000008c680000)
 Metaspace       used 65720K, committed 67136K, reserved 1114112K
  class space    used 6928K, committed 7552K, reserved 1048576K
}
Event: 128.895 GC heap before
{Heap before GC invocations=338 (full 3):
 PSYoungGen      total 4608K, used 4593K [0x00000000d5580000, 0x00000000d6000000, 0x0000000100000000)
  eden space 3072K, 100% used [0x00000000d5580000,0x00000000d5880000,0x00000000d5880000)
  from space 1536K, 99% used [0x00000000d5b80000,0x00000000d5cfc498,0x00000000d5d00000)
  to   space 3072K, 0% used [0x00000000d5880000,0x00000000d5880000,0x00000000d5b80000)
 ParOldGen       total 203264K, used 203135K [0x0000000080000000, 0x000000008c680000, 0x00000000d5580000)
  object space 203264K, 99% used [0x0000000080000000,0x000000008c65fe70,0x000000008c680000)
 Metaspace       used 66026K, committed 67456K, reserved 1114112K
  class space    used 6951K, committed 7552K, reserved 1048576K
}
Event: 128.899 GC heap after
{Heap after GC invocations=338 (full 3):
 PSYoungGen      total 4096K, used 802K [0x00000000d5580000, 0x00000000d5c00000, 0x0000000100000000)
  eden space 3072K, 0% used [0x00000000d5580000,0x00000000d5580000,0x00000000d5880000)
  from space 1024K, 78% used [0x00000000d5880000,0x00000000d59488a0,0x00000000d5980000)
  to   space 1536K, 0% used [0x00000000d5a80000,0x00000000d5a80000,0x00000000d5c00000)
 ParOldGen       total 204288K, used 204151K [0x0000000080000000, 0x000000008c780000, 0x00000000d5580000)
  object space 204288K, 99% used [0x0000000080000000,0x000000008c75de80,0x000000008c780000)
 Metaspace       used 66026K, committed 67456K, reserved 1114112K
  class space    used 6951K, committed 7552K, reserved 1048576K
}
Event: 129.326 GC heap before
{Heap before GC invocations=339 (full 3):
 PSYoungGen      total 4096K, used 3874K [0x00000000d5580000, 0x00000000d5c00000, 0x0000000100000000)
  eden space 3072K, 100% used [0x00000000d5580000,0x00000000d5880000,0x00000000d5880000)
  from space 1024K, 78% used [0x00000000d5880000,0x00000000d59488a0,0x00000000d5980000)
  to   space 1536K, 0% used [0x00000000d5a80000,0x00000000d5a80000,0x00000000d5c00000)
 ParOldGen       total 204288K, used 204151K [0x0000000080000000, 0x000000008c780000, 0x00000000d5580000)
  object space 204288K, 99% used [0x0000000080000000,0x000000008c75de80,0x000000008c780000)
 Metaspace       used 66114K, committed 67584K, reserved 1114112K
  class space    used 6958K, committed 7616K, reserved 1048576K
}
Event: 129.330 GC heap after
{Heap after GC invocations=339 (full 3):
 PSYoungGen      total 4608K, used 1248K [0x00000000d5580000, 0x00000000d5c00000, 0x0000000100000000)
  eden space 3072K, 0% used [0x00000000d5580000,0x00000000d5580000,0x00000000d5880000)
  from space 1536K, 81% used [0x00000000d5a80000,0x00000000d5bb8000,0x00000000d5c00000)
  to   space 1536K, 0% used [0x00000000d5900000,0x00000000d5900000,0x00000000d5a80000)
 ParOldGen       total 204800K, used 204677K [0x0000000080000000, 0x000000008c800000, 0x00000000d5580000)
  object space 204800K, 99% used [0x0000000080000000,0x000000008c7e15a8,0x000000008c800000)
 Metaspace       used 66114K, committed 67584K, reserved 1114112K
  class space    used 6958K, committed 7616K, reserved 1048576K
}
Event: 129.523 GC heap before
{Heap before GC invocations=340 (full 3):
 PSYoungGen      total 4608K, used 4317K [0x00000000d5580000, 0x00000000d5c00000, 0x0000000100000000)
  eden space 3072K, 99% used [0x00000000d5580000,0x00000000d587f750,0x00000000d5880000)
  from space 1536K, 81% used [0x00000000d5a80000,0x00000000d5bb8000,0x00000000d5c00000)
  to   space 1536K, 0% used [0x00000000d5900000,0x00000000d5900000,0x00000000d5a80000)
 ParOldGen       total 204800K, used 204677K [0x0000000080000000, 0x000000008c800000, 0x00000000d5580000)
  object space 204800K, 99% used [0x0000000080000000,0x000000008c7e15a8,0x000000008c800000)
 Metaspace       used 66398K, committed 67968K, reserved 1114112K
  class space    used 6986K, committed 7680K, reserved 1048576K
}
Event: 129.527 GC heap after
{Heap after GC invocations=340 (full 3):
 PSYoungGen      total 4096K, used 545K [0x00000000d5580000, 0x00000000d5b00000, 0x0000000100000000)
  eden space 3072K, 0% used [0x00000000d5580000,0x00000000d5580000,0x00000000d5880000)
  from space 1024K, 53% used [0x00000000d5900000,0x00000000d5988530,0x00000000d5a00000)
  to   space 1024K, 0% used [0x00000000d5a00000,0x00000000d5a00000,0x00000000d5b00000)
 ParOldGen       total 205312K, used 205301K [0x0000000080000000, 0x000000008c880000, 0x00000000d5580000)
  object space 205312K, 99% used [0x0000000080000000,0x000000008c87d5a8,0x000000008c880000)
 Metaspace       used 66398K, committed 67968K, reserved 1114112K
  class space    used 6986K, committed 7680K, reserved 1048576K
}
Event: 129.654 GC heap before
{Heap before GC invocations=341 (full 3):
 PSYoungGen      total 4096K, used 3617K [0x00000000d5580000, 0x00000000d5b00000, 0x0000000100000000)
  eden space 3072K, 100% used [0x00000000d5580000,0x00000000d5880000,0x00000000d5880000)
  from space 1024K, 53% used [0x00000000d5900000,0x00000000d5988530,0x00000000d5a00000)
  to   space 1024K, 0% used [0x00000000d5a00000,0x00000000d5a00000,0x00000000d5b00000)
 ParOldGen       total 205312K, used 205301K [0x0000000080000000, 0x000000008c880000, 0x00000000d5580000)
  object space 205312K, 99% used [0x0000000080000000,0x000000008c87d5a8,0x000000008c880000)
 Metaspace       used 66775K, committed 68288K, reserved 1114112K
  class space    used 7013K, committed 7680K, reserved 1048576K
}
Event: 129.657 GC heap after
{Heap after GC invocations=341 (full 3):
 PSYoungGen      total 3584K, used 394K [0x00000000d5580000, 0x00000000d5a80000, 0x0000000100000000)
  eden space 3072K, 0% used [0x00000000d5580000,0x00000000d5580000,0x00000000d5880000)
  from space 512K, 77% used [0x00000000d5a00000,0x00000000d5a62930,0x00000000d5a80000)
  to   space 512K, 0% used [0x00000000d5980000,0x00000000d5980000,0x00000000d5a00000)
 ParOldGen       total 205824K, used 205645K [0x0000000080000000, 0x000000008c900000, 0x00000000d5580000)
  object space 205824K, 99% used [0x0000000080000000,0x000000008c8d35a8,0x000000008c900000)
 Metaspace       used 66775K, committed 68288K, reserved 1114112K
  class space    used 7013K, committed 7680K, reserved 1048576K
}
Event: 129.747 GC heap before
{Heap before GC invocations=342 (full 3):
 PSYoungGen      total 3584K, used 3466K [0x00000000d5580000, 0x00000000d5a80000, 0x0000000100000000)
  eden space 3072K, 100% used [0x00000000d5580000,0x00000000d5880000,0x00000000d5880000)
  from space 512K, 77% used [0x00000000d5a00000,0x00000000d5a62930,0x00000000d5a80000)
  to   space 512K, 0% used [0x00000000d5980000,0x00000000d5980000,0x00000000d5a00000)
 ParOldGen       total 205824K, used 205645K [0x0000000080000000, 0x000000008c900000, 0x00000000d5580000)
  object space 205824K, 99% used [0x0000000080000000,0x000000008c8d35a8,0x000000008c900000)
 Metaspace       used 66937K, committed 68416K, reserved 1114112K
  class space    used 7044K, committed 7680K, reserved 1048576K
}
Event: 129.751 GC heap after
{Heap after GC invocations=342 (full 3):
 PSYoungGen      total 3584K, used 508K [0x00000000d5580000, 0x00000000d5b80000, 0x0000000100000000)
  eden space 3072K, 0% used [0x00000000d5580000,0x00000000d5580000,0x00000000d5880000)
  from space 512K, 99% used [0x00000000d5980000,0x00000000d59ff120,0x00000000d5a00000)
  to   space 1536K, 0% used [0x00000000d5a00000,0x00000000d5a00000,0x00000000d5b80000)
 ParOldGen       total 206848K, used 206400K [0x0000000080000000, 0x000000008ca00000, 0x00000000d5580000)
  object space 206848K, 99% used [0x0000000080000000,0x000000008c990280,0x000000008ca00000)
 Metaspace       used 66937K, committed 68416K, reserved 1114112K
  class space    used 7044K, committed 7680K, reserved 1048576K
}
Event: 129.805 GC heap before
{Heap before GC invocations=343 (full 3):
 PSYoungGen      total 3584K, used 3580K [0x00000000d5580000, 0x00000000d5b80000, 0x0000000100000000)
  eden space 3072K, 100% used [0x00000000d5580000,0x00000000d5880000,0x00000000d5880000)
  from space 512K, 99% used [0x00000000d5980000,0x00000000d59ff120,0x00000000d5a00000)
  to   space 1536K, 0% used [0x00000000d5a00000,0x00000000d5a00000,0x00000000d5b80000)
 ParOldGen       total 206848K, used 206400K [0x0000000080000000, 0x000000008ca00000, 0x00000000d5580000)
  object space 206848K, 99% used [0x0000000080000000,0x000000008c990280,0x000000008ca00000)
 Metaspace       used 66953K, committed 68480K, reserved 1114112K
  class space    used 7044K, committed 7680K, reserved 1048576K
}
Event: 129.808 GC heap after
{Heap after GC invocations=343 (full 3):
 PSYoungGen      total 4096K, used 763K [0x00000000d5580000, 0x00000000d5b00000, 0x0000000100000000)
  eden space 3072K, 0% used [0x00000000d5580000,0x00000000d5580000,0x00000000d5880000)
  from space 1024K, 74% used [0x00000000d5a00000,0x00000000d5abedf0,0x00000000d5b00000)
  to   space 1024K, 0% used [0x00000000d5900000,0x00000000d5900000,0x00000000d5a00000)
 ParOldGen       total 206848K, used 206811K [0x0000000080000000, 0x000000008ca00000, 0x00000000d5580000)
  object space 206848K, 99% used [0x0000000080000000,0x000000008c9f6fc0,0x000000008ca00000)
 Metaspace       used 66953K, committed 68480K, reserved 1114112K
  class space    used 7044K, committed 7680K, reserved 1048576K
}
Event: 152.566 GC heap before
{Heap before GC invocations=344 (full 3):
 PSYoungGen      total 4096K, used 3835K [0x00000000d5580000, 0x00000000d5b00000, 0x0000000100000000)
  eden space 3072K, 100% used [0x00000000d5580000,0x00000000d5880000,0x00000000d5880000)
  from space 1024K, 74% used [0x00000000d5a00000,0x00000000d5abedf0,0x00000000d5b00000)
  to   space 1024K, 0% used [0x00000000d5900000,0x00000000d5900000,0x00000000d5a00000)
 ParOldGen       total 206848K, used 206811K [0x0000000080000000, 0x000000008ca00000, 0x00000000d5580000)
  object space 206848K, 99% used [0x0000000080000000,0x000000008c9f6fc0,0x000000008ca00000)
 Metaspace       used 67186K, committed 68736K, reserved 1114112K
  class space    used 7061K, committed 7744K, reserved 1048576K
}
Event: 152.569 GC heap after
{Heap after GC invocations=344 (full 3):
 PSYoungGen      total 4096K, used 256K [0x00000000d5580000, 0x00000000d5a80000, 0x0000000100000000)
  eden space 3072K, 0% used [0x00000000d5580000,0x00000000d5580000,0x00000000d5880000)
  from space 1024K, 25% used [0x00000000d5900000,0x00000000d5940000,0x00000000d5a00000)
  to   space 512K, 0% used [0x00000000d5a00000,0x00000000d5a00000,0x00000000d5a80000)
 ParOldGen       total 206848K, used 206827K [0x0000000080000000, 0x000000008ca00000, 0x00000000d5580000)
  object space 206848K, 99% used [0x0000000080000000,0x000000008c9fafc0,0x000000008ca00000)
 Metaspace       used 67186K, committed 68736K, reserved 1114112K
  class space    used 7061K, committed 7744K, reserved 1048576K
}
Event: 209.145 GC heap before
{Heap before GC invocations=345 (full 3):
 PSYoungGen      total 4096K, used 3328K [0x00000000d5580000, 0x00000000d5a80000, 0x0000000100000000)
  eden space 3072K, 100% used [0x00000000d5580000,0x00000000d5880000,0x00000000d5880000)
  from space 1024K, 25% used [0x00000000d5900000,0x00000000d5940000,0x00000000d5a00000)
  to   space 512K, 0% used [0x00000000d5a00000,0x00000000d5a00000,0x00000000d5a80000)
 ParOldGen       total 206848K, used 206827K [0x0000000080000000, 0x000000008ca00000, 0x00000000d5580000)
  object space 206848K, 99% used [0x0000000080000000,0x000000008c9fafc0,0x000000008ca00000)
 Metaspace       used 67302K, committed 68800K, reserved 1114112K
  class space    used 7062K, committed 7744K, reserved 1048576K
}
Event: 209.186 GC heap after
{Heap after GC invocations=345 (full 3):
 PSYoungGen      total 3584K, used 192K [0x00000000d5580000, 0x00000000d5a80000, 0x0000000100000000)
  eden space 3072K, 0% used [0x00000000d5580000,0x00000000d5580000,0x00000000d5880000)
  from space 512K, 37% used [0x00000000d5a00000,0x00000000d5a30000,0x00000000d5a80000)
  to   space 512K, 0% used [0x00000000d5980000,0x00000000d5980000,0x00000000d5a00000)
 ParOldGen       total 207360K, used 206923K [0x0000000080000000, 0x000000008ca80000, 0x00000000d5580000)
  object space 207360K, 99% used [0x0000000080000000,0x000000008ca12fc0,0x000000008ca80000)
 Metaspace       used 67302K, committed 68800K, reserved 1114112K
  class space    used 7062K, committed 7744K, reserved 1048576K
}

