# JRE version: OpenJDK Runtime Environment Temurin-21.0.10+7 (21.0.10+7) (build 21.0.10+7-LTS)
# Java VM: OpenJDK 64-Bit Server VM Temurin-21.0.10+7 (21.0.10+7-LTS, mixed mode, sharing, tiered, compressed oops, compressed class ptrs, parallel gc, windows-amd64)
GC Precious Log:
 CardTable entry size: 512
 CPUs: 8 total, 8 available
 Memory: 8006M
 Large Page Support: Disabled
 NUMA Support: Disabled
 Compressed Oops: Enabled (32-bit)
 Alignments: Space 512K, Generation 512K, Heap 2M
 Heap Min Capacity: 100M
 Heap Initial Capacity: 100M
 Heap Max Capacity: 2G
 Pre-touch: Disabled
 Parallel Workers: 8
Heap:
 PSYoungGen      total 6144K, used 4521K [0x00000000d5580000, 0x00000000d5e80000, 0x0000000100000000)
  eden space 5120K, 74% used [0x00000000d5580000,0x00000000d59390c0,0x00000000d5a80000)
  from space 1024K, 69% used [0x00000000d5d80000,0x00000000d5e315b8,0x00000000d5e80000)
  to   space 1024K, 0% used [0x00000000d5c80000,0x00000000d5c80000,0x00000000d5d80000)
 ParOldGen       total 457216K, used 231579K [0x0000000080000000, 0x000000009be80000, 0x00000000d5580000)
  object space 457216K, 50% used [0x0000000080000000,0x000000008e226f68,0x000000009be80000)
 Metaspace       used 64529K, committed 66048K, reserved 1114112K
  class space    used 6961K, committed 7616K, reserved 1048576K
GC Heap History (20 events):
Event: 85.819 GC heap before
{Heap before GC invocations=590 (full 3):
 PSYoungGen      total 5632K, used 5280K [0x00000000d5580000, 0x00000000d5f00000, 0x0000000100000000)
  eden space 5120K, 100% used [0x00000000d5580000,0x00000000d5a80000,0x00000000d5a80000)
  from space 512K, 31% used [0x00000000d5e80000,0x00000000d5ea8000,0x00000000d5f00000)
  to   space 512K, 0% used [0x00000000d5e00000,0x00000000d5e00000,0x00000000d5e80000)
 ParOldGen       total 457216K, used 227972K [0x0000000080000000, 0x000000009be80000, 0x00000000d5580000)
  object space 457216K, 49% used [0x0000000080000000,0x000000008dea11c8,0x000000009be80000)
 Metaspace       used 61738K, committed 63168K, reserved 1114112K
  class space    used 6635K, committed 7232K, reserved 1048576K
}
Event: 85.822 GC heap after
{Heap after GC invocations=590 (full 3):
 PSYoungGen      total 5632K, used 491K [0x00000000d5580000, 0x00000000d5f00000, 0x0000000100000000)
  eden space 5120K, 0% used [0x00000000d5580000,0x00000000d5580000,0x00000000d5a80000)
  from space 512K, 96% used [0x00000000d5e00000,0x00000000d5e7ae58,0x00000000d5e80000)
  to   space 512K, 0% used [0x00000000d5e80000,0x00000000d5e80000,0x00000000d5f00000)
 ParOldGen       total 457216K, used 228020K [0x0000000080000000, 0x000000009be80000, 0x00000000d5580000)
  object space 457216K, 49% used [0x0000000080000000,0x000000008dead1c8,0x000000009be80000)
 Metaspace       used 61738K, committed 63168K, reserved 1114112K
  class space    used 6635K, committed 7232K, reserved 1048576K
}
Event: 85.962 GC heap before
{Heap before GC invocations=591 (full 3):
 PSYoungGen      total 5632K, used 5550K [0x00000000d5580000, 0x00000000d5f00000, 0x0000000100000000)
  eden space 5120K, 98% used [0x00000000d5580000,0x00000000d5a70bc0,0x00000000d5a80000)
  from space 512K, 96% used [0x00000000d5e00000,0x00000000d5e7ae58,0x00000000d5e80000)
  to   space 512K, 0% used [0x00000000d5e80000,0x00000000d5e80000,0x00000000d5f00000)
 ParOldGen       total 457216K, used 228020K [0x0000000080000000, 0x000000009be80000, 0x00000000d5580000)
  object space 457216K, 49% used [0x0000000080000000,0x000000008dead1c8,0x000000009be80000)
 Metaspace       used 61856K, committed 63360K, reserved 1114112K
  class space    used 6662K, committed 7296K, reserved 1048576K
}
Event: 85.964 GC heap after
{Heap after GC invocations=591 (full 3):
 PSYoungGen      total 5632K, used 192K [0x00000000d5580000, 0x00000000d5f00000, 0x0000000100000000)
  eden space 5120K, 0% used [0x00000000d5580000,0x00000000d5580000,0x00000000d5a80000)
  from space 512K, 37% used [0x00000000d5e80000,0x00000000d5eb0000,0x00000000d5f00000)
  to   space 512K, 0% used [0x00000000d5e00000,0x00000000d5e00000,0x00000000d5e80000)
 ParOldGen       total 457216K, used 228387K [0x0000000080000000, 0x000000009be80000, 0x00000000d5580000)
  object space 457216K, 49% used [0x0000000080000000,0x000000008df08f58,0x000000009be80000)
 Metaspace       used 61856K, committed 63360K, reserved 1114112K
  class space    used 6662K, committed 7296K, reserved 1048576K
}
Event: 86.116 GC heap before
{Heap before GC invocations=592 (full 3):
 PSYoungGen      total 5632K, used 5312K [0x00000000d5580000, 0x00000000d5f00000, 0x0000000100000000)
  eden space 5120K, 100% used [0x00000000d5580000,0x00000000d5a80000,0x00000000d5a80000)
  from space 512K, 37% used [0x00000000d5e80000,0x00000000d5eb0000,0x00000000d5f00000)
  to   space 512K, 0% used [0x00000000d5e00000,0x00000000d5e00000,0x00000000d5e80000)
 ParOldGen       total 457216K, used 228387K [0x0000000080000000, 0x000000009be80000, 0x00000000d5580000)
  object space 457216K, 49% used [0x0000000080000000,0x000000008df08f58,0x000000009be80000)
 Metaspace       used 61971K, committed 63424K, reserved 1114112K
  class space    used 6690K, committed 7296K, reserved 1048576K
}
Event: 86.117 GC heap after
{Heap after GC invocations=592 (full 3):
 PSYoungGen      total 5632K, used 192K [0x00000000d5580000, 0x00000000d5f00000, 0x0000000100000000)
  eden space 5120K, 0% used [0x00000000d5580000,0x00000000d5580000,0x00000000d5a80000)
  from space 512K, 37% used [0x00000000d5e00000,0x00000000d5e30000,0x00000000d5e80000)
  to   space 512K, 0% used [0x00000000d5e80000,0x00000000d5e80000,0x00000000d5f00000)
 ParOldGen       total 457216K, used 228443K [0x0000000080000000, 0x000000009be80000, 0x00000000d5580000)
  object space 457216K, 49% used [0x0000000080000000,0x000000008df16f58,0x000000009be80000)
 Metaspace       used 61971K, committed 63424K, reserved 1114112K
  class space    used 6690K, committed 7296K, reserved 1048576K
}
Event: 86.338 GC heap before
{Heap before GC invocations=593 (full 3):
 PSYoungGen      total 5632K, used 5312K [0x00000000d5580000, 0x00000000d5f00000, 0x0000000100000000)
  eden space 5120K, 100% used [0x00000000d5580000,0x00000000d5a80000,0x00000000d5a80000)
  from space 512K, 37% used [0x00000000d5e00000,0x00000000d5e30000,0x00000000d5e80000)
  to   space 512K, 0% used [0x00000000d5e80000,0x00000000d5e80000,0x00000000d5f00000)
 ParOldGen       total 457216K, used 228443K [0x0000000080000000, 0x000000009be80000, 0x00000000d5580000)
  object space 457216K, 49% used [0x0000000080000000,0x000000008df16f58,0x000000009be80000)
 Metaspace       used 62318K, committed 63808K, reserved 1114112K
  class space    used 6717K, committed 7360K, reserved 1048576K
}
Event: 86.340 GC heap after
{Heap after GC invocations=593 (full 3):
 PSYoungGen      total 5632K, used 360K [0x00000000d5580000, 0x00000000d5f00000, 0x0000000100000000)
  eden space 5120K, 0% used [0x00000000d5580000,0x00000000d5580000,0x00000000d5a80000)
  from space 512K, 70% used [0x00000000d5e80000,0x00000000d5eda010,0x00000000d5f00000)
  to   space 512K, 0% used [0x00000000d5e00000,0x00000000d5e00000,0x00000000d5e80000)
 ParOldGen       total 457216K, used 228547K [0x0000000080000000, 0x000000009be80000, 0x00000000d5580000)
  object space 457216K, 49% used [0x0000000080000000,0x000000008df30f58,0x000000009be80000)
 Metaspace       used 62318K, committed 63808K, reserved 1114112K
  class space    used 6717K, committed 7360K, reserved 1048576K
}
Event: 86.491 GC heap before
{Heap before GC invocations=594 (full 3):
 PSYoungGen      total 5632K, used 5480K [0x00000000d5580000, 0x00000000d5f00000, 0x0000000100000000)
  eden space 5120K, 100% used [0x00000000d5580000,0x00000000d5a80000,0x00000000d5a80000)
  from space 512K, 70% used [0x00000000d5e80000,0x00000000d5eda010,0x00000000d5f00000)
  to   space 512K, 0% used [0x00000000d5e00000,0x00000000d5e00000,0x00000000d5e80000)
 ParOldGen       total 457216K, used 228547K [0x0000000080000000, 0x000000009be80000, 0x00000000d5580000)
  object space 457216K, 49% used [0x0000000080000000,0x000000008df30f58,0x000000009be80000)
 Metaspace       used 62520K, committed 63936K, reserved 1114112K
  class space    used 6745K, committed 7360K, reserved 1048576K
}
Event: 86.493 GC heap after
{Heap after GC invocations=594 (full 3):
 PSYoungGen      total 5632K, used 192K [0x00000000d5580000, 0x00000000d5f00000, 0x0000000100000000)
  eden space 5120K, 0% used [0x00000000d5580000,0x00000000d5580000,0x00000000d5a80000)
  from space 512K, 37% used [0x00000000d5e00000,0x00000000d5e30000,0x00000000d5e80000)
  to   space 512K, 0% used [0x00000000d5e80000,0x00000000d5e80000,0x00000000d5f00000)
 ParOldGen       total 457216K, used 228675K [0x0000000080000000, 0x000000009be80000, 0x00000000d5580000)
  object space 457216K, 50% used [0x0000000080000000,0x000000008df50f58,0x000000009be80000)
 Metaspace       used 62520K, committed 63936K, reserved 1114112K
  class space    used 6745K, committed 7360K, reserved 1048576K
}
Event: 86.645 GC heap before
{Heap before GC invocations=595 (full 3):
 PSYoungGen      total 5632K, used 5312K [0x00000000d5580000, 0x00000000d5f00000, 0x0000000100000000)
  eden space 5120K, 100% used [0x00000000d5580000,0x00000000d5a80000,0x00000000d5a80000)
  from space 512K, 37% used [0x00000000d5e00000,0x00000000d5e30000,0x00000000d5e80000)
  to   space 512K, 0% used [0x00000000d5e80000,0x00000000d5e80000,0x00000000d5f00000)
 ParOldGen       total 457216K, used 228675K [0x0000000080000000, 0x000000009be80000, 0x00000000d5580000)
  object space 457216K, 50% used [0x0000000080000000,0x000000008df50f58,0x000000009be80000)
 Metaspace       used 62830K, committed 64320K, reserved 1114112K
  class space    used 6773K, committed 7424K, reserved 1048576K
}
Event: 86.647 GC heap after
{Heap after GC invocations=595 (full 3):
 PSYoungGen      total 5632K, used 256K [0x00000000d5580000, 0x00000000d5f00000, 0x0000000100000000)
  eden space 5120K, 0% used [0x00000000d5580000,0x00000000d5580000,0x00000000d5a80000)
  from space 512K, 50% used [0x00000000d5e80000,0x00000000d5ec0000,0x00000000d5f00000)
  to   space 512K, 0% used [0x00000000d5e00000,0x00000000d5e00000,0x00000000d5e80000)
 ParOldGen       total 457216K, used 228755K [0x0000000080000000, 0x000000009be80000, 0x00000000d5580000)
  object space 457216K, 50% used [0x0000000080000000,0x000000008df64f58,0x000000009be80000)
 Metaspace       used 62830K, committed 64320K, reserved 1114112K
  class space    used 6773K, committed 7424K, reserved 1048576K
}
Event: 86.814 GC heap before
{Heap before GC invocations=596 (full 3):
 PSYoungGen      total 5632K, used 5368K [0x00000000d5580000, 0x00000000d5f00000, 0x0000000100000000)
  eden space 5120K, 99% used [0x00000000d5580000,0x00000000d5a7e210,0x00000000d5a80000)
  from space 512K, 50% used [0x00000000d5e80000,0x00000000d5ec0000,0x00000000d5f00000)
  to   space 512K, 0% used [0x00000000d5e00000,0x00000000d5e00000,0x00000000d5e80000)
 ParOldGen       total 457216K, used 228755K [0x0000000080000000, 0x000000009be80000, 0x00000000d5580000)
  object space 457216K, 50% used [0x0000000080000000,0x000000008df64f58,0x000000009be80000)
 Metaspace       used 63337K, committed 64832K, reserved 1114112K
  class space    used 6818K, committed 7488K, reserved 1048576K
}
Event: 86.816 GC heap after
{Heap after GC invocations=596 (full 3):
 PSYoungGen      total 5632K, used 480K [0x00000000d5580000, 0x00000000d5f00000, 0x0000000100000000)
  eden space 5120K, 0% used [0x00000000d5580000,0x00000000d5580000,0x00000000d5a80000)
  from space 512K, 93% used [0x00000000d5e00000,0x00000000d5e78000,0x00000000d5e80000)
  to   space 512K, 0% used [0x00000000d5e80000,0x00000000d5e80000,0x00000000d5f00000)
 ParOldGen       total 457216K, used 228859K [0x0000000080000000, 0x000000009be80000, 0x00000000d5580000)
  object space 457216K, 50% used [0x0000000080000000,0x000000008df7ef58,0x000000009be80000)
 Metaspace       used 63337K, committed 64832K, reserved 1114112K
  class space    used 6818K, committed 7488K, reserved 1048576K
}
Event: 86.886 GC heap before
{Heap before GC invocations=597 (full 3):
 PSYoungGen      total 5632K, used 5600K [0x00000000d5580000, 0x00000000d5f00000, 0x0000000100000000)
  eden space 5120K, 100% used [0x00000000d5580000,0x00000000d5a80000,0x00000000d5a80000)
  from space 512K, 93% used [0x00000000d5e00000,0x00000000d5e78000,0x00000000d5e80000)
  to   space 512K, 0% used [0x00000000d5e80000,0x00000000d5e80000,0x00000000d5f00000)
 ParOldGen       total 457216K, used 228859K [0x0000000080000000, 0x000000009be80000, 0x00000000d5580000)
  object space 457216K, 50% used [0x0000000080000000,0x000000008df7ef58,0x000000009be80000)
 Metaspace       used 63398K, committed 64960K, reserved 1114112K
  class space    used 6824K, committed 7488K, reserved 1048576K
}
Event: 86.889 GC heap after
{Heap after GC invocations=597 (full 3):
 PSYoungGen      total 5632K, used 480K [0x00000000d5580000, 0x00000000d5f00000, 0x0000000100000000)
  eden space 5120K, 0% used [0x00000000d5580000,0x00000000d5580000,0x00000000d5a80000)
  from space 512K, 93% used [0x00000000d5e80000,0x00000000d5ef8010,0x00000000d5f00000)
  to   space 2048K, 0% used [0x00000000d5b00000,0x00000000d5b00000,0x00000000d5d00000)
 ParOldGen       total 457216K, used 230123K [0x0000000080000000, 0x000000009be80000, 0x00000000d5580000)
  object space 457216K, 50% used [0x0000000080000000,0x000000008e0baf58,0x000000009be80000)
 Metaspace       used 63398K, committed 64960K, reserved 1114112K
  class space    used 6824K, committed 7488K, reserved 1048576K
}
Event: 87.072 GC heap before
{Heap before GC invocations=598 (full 3):
 PSYoungGen      total 5632K, used 5600K [0x00000000d5580000, 0x00000000d5f00000, 0x0000000100000000)
  eden space 5120K, 100% used [0x00000000d5580000,0x00000000d5a80000,0x00000000d5a80000)
  from space 512K, 93% used [0x00000000d5e80000,0x00000000d5ef8010,0x00000000d5f00000)
  to   space 2048K, 0% used [0x00000000d5b00000,0x00000000d5b00000,0x00000000d5d00000)
 ParOldGen       total 457216K, used 230123K [0x0000000080000000, 0x000000009be80000, 0x00000000d5580000)
  object space 457216K, 50% used [0x0000000080000000,0x000000008e0baf58,0x000000009be80000)
 Metaspace       used 63721K, committed 65216K, reserved 1114112K
  class space    used 6865K, committed 7488K, reserved 1048576K
}
Event: 87.076 GC heap after
{Heap after GC invocations=598 (full 3):
 PSYoungGen      total 7168K, used 1152K [0x00000000d5580000, 0x00000000d5f00000, 0x0000000100000000)
  eden space 5120K, 0% used [0x00000000d5580000,0x00000000d5580000,0x00000000d5a80000)
  from space 2048K, 56% used [0x00000000d5b00000,0x00000000d5c20000,0x00000000d5d00000)
  to   space 1536K, 0% used [0x00000000d5d80000,0x00000000d5d80000,0x00000000d5f00000)
 ParOldGen       total 457216K, used 230587K [0x0000000080000000, 0x000000009be80000, 0x00000000d5580000)
  object space 457216K, 50% used [0x0000000080000000,0x000000008e12ef68,0x000000009be80000)
 Metaspace       used 63721K, committed 65216K, reserved 1114112K
  class space    used 6865K, committed 7488K, reserved 1048576K
}
Event: 87.246 GC heap before
{Heap before GC invocations=599 (full 3):
 PSYoungGen      total 7168K, used 6272K [0x00000000d5580000, 0x00000000d5f00000, 0x0000000100000000)
  eden space 5120K, 100% used [0x00000000d5580000,0x00000000d5a80000,0x00000000d5a80000)
  from space 2048K, 56% used [0x00000000d5b00000,0x00000000d5c20000,0x00000000d5d00000)
  to   space 1536K, 0% used [0x00000000d5d80000,0x00000000d5d80000,0x00000000d5f00000)
 ParOldGen       total 457216K, used 230587K [0x0000000080000000, 0x000000009be80000, 0x00000000d5580000)
  object space 457216K, 50% used [0x0000000080000000,0x000000008e12ef68,0x000000009be80000)
 Metaspace       used 64154K, committed 65664K, reserved 1114112K
  class space    used 6896K, committed 7552K, reserved 1048576K
}
Event: 87.250 GC heap after
{Heap after GC invocations=599 (full 3):
 PSYoungGen      total 6144K, used 709K [0x00000000d5580000, 0x00000000d5e80000, 0x0000000100000000)
  eden space 5120K, 0% used [0x00000000d5580000,0x00000000d5580000,0x00000000d5a80000)
  from space 1024K, 69% used [0x00000000d5d80000,0x00000000d5e315b8,0x00000000d5e80000)
  to   space 1024K, 0% used [0x00000000d5c80000,0x00000000d5c80000,0x00000000d5d80000)
 ParOldGen       total 457216K, used 231579K [0x0000000080000000, 0x000000009be80000, 0x00000000d5580000)
  object space 457216K, 50% used [0x0000000080000000,0x000000008e226f68,0x000000009be80000)
 Metaspace       used 64154K, committed 65664K, reserved 1114112K
  class space    used 6896K, committed 7552K, reserved 1048576K
}

