# JRE version: Java(TM) SE Runtime Environment (23.0.1+11) (build 23.0.1+11-39)
# Java VM: Java HotSpot(TM) 64-Bit Server VM (23.0.1+11-39, mixed mode, emulated-client, sharing, tiered, compressed oops, compressed class ptrs, g1 gc, windows-amd64)
GC Precious Log:
 CardTable entry size: 512
 Card Set container configuration: InlinePtr #cards 5 size 8 Array Of Cards #cards 10 size 36 Howl #buckets 4 coarsen threshold 1843 Howl Bitmap #cards 512 size 80 coarsen threshold 460 Card regions per heap region 1 cards per card region 2048
 CPUs: 8 total, 8 available
 Memory: 8006M
 Large Page Support: Disabled
 NUMA Support: Disabled
 Compressed Oops: Enabled (32-bit)
 Heap Region Size: 1M
 Heap Min Capacity: 8M
 Heap Initial Capacity: 126M
 Heap Max Capacity: 2002M
 Pre-touch: Disabled
 Parallel Workers: 8
 Concurrent Workers: 2
 Concurrent Refinement Workers: 8
 Periodic GC: Disabled
Heap:
 garbage-first heap   total reserved 2050048K, committed 130048K, used 49273K [0x0000000082e00000, 0x0000000100000000)
  region size 1024K, 6 young (6144K), 6 survivors (6144K)
 Metaspace       used 69806K, committed 70528K, reserved 1114112K
  class space    used 10566K, committed 10880K, reserved 1048576K
GC Heap History (20 events):
Event: 9.809 GC heap after
{Heap after GC invocations=25 (full 0):
 garbage-first heap   total reserved 2050048K, committed 66560K, used 37233K [0x0000000082e00000, 0x0000000100000000)
  region size 1024K, 2 young (2048K), 2 survivors (2048K)
 Metaspace       used 63840K, committed 64448K, reserved 1114112K
  class space    used 9643K, committed 9920K, reserved 1048576K
}
Event: 9.928 GC heap before
{Heap before GC invocations=25 (full 0):
 garbage-first heap   total reserved 2050048K, committed 66560K, used 59761K [0x0000000082e00000, 0x0000000100000000)
  region size 1024K, 24 young (24576K), 2 survivors (2048K)
 Metaspace       used 63974K, committed 64576K, reserved 1114112K
  class space    used 9674K, committed 9920K, reserved 1048576K
}
Event: 9.932 GC heap after
{Heap after GC invocations=26 (full 0):
 garbage-first heap   total reserved 2050048K, committed 66560K, used 38183K [0x0000000082e00000, 0x0000000100000000)
  region size 1024K, 2 young (2048K), 2 survivors (2048K)
 Metaspace       used 63974K, committed 64576K, reserved 1114112K
  class space    used 9674K, committed 9920K, reserved 1048576K
}
Event: 9.984 GC heap before
{Heap before GC invocations=26 (full 0):
 garbage-first heap   total reserved 2050048K, committed 66560K, used 59687K [0x0000000082e00000, 0x0000000100000000)
  region size 1024K, 23 young (23552K), 2 survivors (2048K)
 Metaspace       used 63977K, committed 64576K, reserved 1114112K
  class space    used 9674K, committed 9920K, reserved 1048576K
}
Event: 9.987 GC heap after
{Heap after GC invocations=27 (full 0):
 garbage-first heap   total reserved 2050048K, committed 66560K, used 38814K [0x0000000082e00000, 0x0000000100000000)
  region size 1024K, 2 young (2048K), 2 survivors (2048K)
 Metaspace       used 63977K, committed 64576K, reserved 1114112K
  class space    used 9674K, committed 9920K, reserved 1048576K
}
Event: 10.143 GC heap before
{Heap before GC invocations=28 (full 0):
 garbage-first heap   total reserved 2050048K, committed 66560K, used 60318K [0x0000000082e00000, 0x0000000100000000)
  region size 1024K, 23 young (23552K), 2 survivors (2048K)
 Metaspace       used 64190K, committed 64832K, reserved 1114112K
  class space    used 9695K, committed 9984K, reserved 1048576K
}
Event: 10.146 GC heap after
{Heap after GC invocations=29 (full 0):
 garbage-first heap   total reserved 2050048K, committed 66560K, used 38619K [0x0000000082e00000, 0x0000000100000000)
  region size 1024K, 2 young (2048K), 2 survivors (2048K)
 Metaspace       used 64190K, committed 64832K, reserved 1114112K
  class space    used 9695K, committed 9984K, reserved 1048576K
}
Event: 10.190 GC heap before
{Heap before GC invocations=29 (full 0):
 garbage-first heap   total reserved 2050048K, committed 66560K, used 59099K [0x0000000082e00000, 0x0000000100000000)
  region size 1024K, 22 young (22528K), 2 survivors (2048K)
 Metaspace       used 64190K, committed 64832K, reserved 1114112K
  class space    used 9695K, committed 9984K, reserved 1048576K
}
Event: 10.193 GC heap after
{Heap after GC invocations=30 (full 0):
 garbage-first heap   total reserved 2050048K, committed 101376K, used 38820K [0x0000000082e00000, 0x0000000100000000)
  region size 1024K, 2 young (2048K), 2 survivors (2048K)
 Metaspace       used 64190K, committed 64832K, reserved 1114112K
  class space    used 9695K, committed 9984K, reserved 1048576K
}
Event: 10.318 GC heap before
{Heap before GC invocations=30 (full 0):
 garbage-first heap   total reserved 2050048K, committed 101376K, used 90020K [0x0000000082e00000, 0x0000000100000000)
  region size 1024K, 52 young (53248K), 2 survivors (2048K)
 Metaspace       used 64191K, committed 64832K, reserved 1114112K
  class space    used 9695K, committed 9984K, reserved 1048576K
}
Event: 10.327 GC heap after
{Heap after GC invocations=31 (full 0):
 garbage-first heap   total reserved 2050048K, committed 102400K, used 48528K [0x0000000082e00000, 0x0000000100000000)
  region size 1024K, 7 young (7168K), 7 survivors (7168K)
 Metaspace       used 64191K, committed 64832K, reserved 1114112K
  class space    used 9695K, committed 9984K, reserved 1048576K
}
Event: 10.425 GC heap before
{Heap before GC invocations=32 (full 0):
 garbage-first heap   total reserved 2050048K, committed 102400K, used 86416K [0x0000000082e00000, 0x0000000100000000)
  region size 1024K, 44 young (45056K), 7 survivors (7168K)
 Metaspace       used 64192K, committed 64832K, reserved 1114112K
  class space    used 9695K, committed 9984K, reserved 1048576K
}
Event: 10.435 GC heap after
{Heap after GC invocations=33 (full 0):
 garbage-first heap   total reserved 2050048K, committed 102400K, used 55455K [0x0000000082e00000, 0x0000000100000000)
  region size 1024K, 6 young (6144K), 6 survivors (6144K)
 Metaspace       used 64192K, committed 64832K, reserved 1114112K
  class space    used 9695K, committed 9984K, reserved 1048576K
}
Event: 10.518 GC heap before
{Heap before GC invocations=33 (full 0):
 garbage-first heap   total reserved 2050048K, committed 102400K, used 87199K [0x0000000082e00000, 0x0000000100000000)
  region size 1024K, 37 young (37888K), 6 survivors (6144K)
 Metaspace       used 64226K, committed 64896K, reserved 1114112K
  class space    used 9706K, committed 9984K, reserved 1048576K
}
Event: 10.524 GC heap after
{Heap after GC invocations=34 (full 0):
 garbage-first heap   total reserved 2050048K, committed 102400K, used 56458K [0x0000000082e00000, 0x0000000100000000)
  region size 1024K, 2 young (2048K), 2 survivors (2048K)
 Metaspace       used 64226K, committed 64896K, reserved 1114112K
  class space    used 9706K, committed 9984K, reserved 1048576K
}
Event: 10.652 GC heap before
{Heap before GC invocations=34 (full 0):
 garbage-first heap   total reserved 2050048K, committed 102400K, used 89226K [0x0000000082e00000, 0x0000000100000000)
  region size 1024K, 34 young (34816K), 2 survivors (2048K)
 Metaspace       used 64364K, committed 65024K, reserved 1114112K
  class space    used 9719K, committed 9984K, reserved 1048576K
}
Event: 10.655 GC heap after
{Heap after GC invocations=35 (full 0):
 garbage-first heap   total reserved 2050048K, committed 102400K, used 56407K [0x0000000082e00000, 0x0000000100000000)
  region size 1024K, 2 young (2048K), 2 survivors (2048K)
 Metaspace       used 64364K, committed 65024K, reserved 1114112K
  class space    used 9719K, committed 9984K, reserved 1048576K
}
Event: 11.104 GC heap before
{Heap before GC invocations=36 (full 0):
 garbage-first heap   total reserved 2050048K, committed 102400K, used 83031K [0x0000000082e00000, 0x0000000100000000)
  region size 1024K, 35 young (35840K), 2 survivors (2048K)
 Metaspace       used 66503K, committed 67200K, reserved 1114112K
  class space    used 10029K, committed 10304K, reserved 1048576K
}
Event: 11.108 GC heap after
{Heap after GC invocations=37 (full 0):
 garbage-first heap   total reserved 2050048K, committed 102400K, used 51494K [0x0000000082e00000, 0x0000000100000000)
  region size 1024K, 4 young (4096K), 4 survivors (4096K)
 Metaspace       used 66503K, committed 67200K, reserved 1114112K
  class space    used 10029K, committed 10304K, reserved 1048576K
}
Event: 24.026 GC heap before
{Heap before GC invocations=37 (full 0):
 garbage-first heap   total reserved 2050048K, committed 102400K, used 90406K [0x0000000082e00000, 0x0000000100000000)
  region size 1024K, 42 young (43008K), 4 survivors (4096K)
 Metaspace       used 69806K, committed 70528K, reserved 1114112K
  class space    used 10566K, committed 10880K, reserved 1048576K
}

