# JRE version: Java(TM) SE Runtime Environment (23.0.1+11) (build 23.0.1+11-39)
# Java VM: Java HotSpot(TM) 64-Bit Server VM (23.0.1+11-39, mixed mode, emulated-client, sharing, tiered, compressed oops, compressed class ptrs, g1 gc, windows-amd64)
GC Precious Log:
 CardTable entry size: 512
 Card Set container configuration: InlinePtr #cards 5 size 8 Array Of Cards #cards 10 size 36 Howl #buckets 4 coarsen threshold 1843 Howl Bitmap #cards 512 size 80 coarsen threshold 460 Card regions per heap region 1 cards per card region 2048
 CPUs: 8 total, 8 available
 Memory: 8006M
 Large Page Support: Disabled
 NUMA Support: Disabled
 Compressed Oops: Enabled (32-bit)
 Heap Region Size: 1M
 Heap Min Capacity: 8M
 Heap Initial Capacity: 126M
 Heap Max Capacity: 2002M
 Pre-touch: Disabled
 Parallel Workers: 8
 Concurrent Workers: 2
 Concurrent Refinement Workers: 8
 Periodic GC: Disabled
Heap:
 garbage-first heap   total reserved 2050048K, committed 137216K, used 61463K [0x0000000082e00000, 0x0000000100000000)
  region size 1024K, 17 young (17408K), 6 survivors (6144K)
 Metaspace       used 83643K, committed 84672K, reserved 1179648K
  class space    used 12113K, committed 12672K, reserved 1048576K
GC Heap History (20 events):
Event: 3028.990 GC heap after
{Heap after GC invocations=188 (full 19):
 garbage-first heap   total reserved 2050048K, committed 137216K, used 47788K [0x0000000082e00000, 0x0000000100000000)
  region size 1024K, 3 young (3072K), 3 survivors (3072K)
 Metaspace       used 80504K, committed 81728K, reserved 1179648K
  class space    used 11841K, committed 12672K, reserved 1048576K
}
Event: 3030.467 GC heap before
{Heap before GC invocations=188 (full 19):
 garbage-first heap   total reserved 2050048K, committed 137216K, used 122540K [0x0000000082e00000, 0x0000000100000000)
  region size 1024K, 76 young (77824K), 3 survivors (3072K)
 Metaspace       used 80866K, committed 82048K, reserved 1179648K
  class space    used 11864K, committed 12672K, reserved 1048576K
}
Event: 3030.475 GC heap after
{Heap after GC invocations=189 (full 19):
 garbage-first heap   total reserved 2050048K, committed 137216K, used 50480K [0x0000000082e00000, 0x0000000100000000)
  region size 1024K, 6 young (6144K), 6 survivors (6144K)
 Metaspace       used 80866K, committed 82048K, reserved 1179648K
  class space    used 11864K, committed 12672K, reserved 1048576K
}
Event: 3041.085 GC heap before
{Heap before GC invocations=189 (full 19):
 garbage-first heap   total reserved 2050048K, committed 137216K, used 70960K [0x0000000082e00000, 0x0000000100000000)
  region size 1024K, 27 young (27648K), 6 survivors (6144K)
 Metaspace       used 80876K, committed 82112K, reserved 1179648K
  class space    used 11867K, committed 12672K, reserved 1048576K
}
Event: 3041.169 GC heap after
{Heap after GC invocations=190 (full 20):
 garbage-first heap   total reserved 2050048K, committed 137216K, used 39664K [0x0000000082e00000, 0x0000000100000000)
  region size 1024K, 0 young (0K), 0 survivors (0K)
 Metaspace       used 80874K, committed 82112K, reserved 1179648K
  class space    used 11866K, committed 12672K, reserved 1048576K
}
Event: 3042.867 GC heap before
{Heap before GC invocations=190 (full 20):
 garbage-first heap   total reserved 2050048K, committed 137216K, used 120560K [0x0000000082e00000, 0x0000000100000000)
  region size 1024K, 80 young (81920K), 0 survivors (0K)
 Metaspace       used 81402K, committed 82560K, reserved 1179648K
  class space    used 11927K, committed 12672K, reserved 1048576K
}
Event: 3042.877 GC heap after
{Heap after GC invocations=191 (full 20):
 garbage-first heap   total reserved 2050048K, committed 137216K, used 45961K [0x0000000082e00000, 0x0000000100000000)
  region size 1024K, 7 young (7168K), 7 survivors (7168K)
 Metaspace       used 81402K, committed 82560K, reserved 1179648K
  class space    used 11927K, committed 12672K, reserved 1048576K
}
Event: 3043.775 GC heap before
{Heap before GC invocations=192 (full 20):
 garbage-first heap   total reserved 2050048K, committed 137216K, used 117641K [0x0000000082e00000, 0x0000000100000000)
  region size 1024K, 77 young (78848K), 7 survivors (7168K)
 Metaspace       used 81859K, committed 82944K, reserved 1179648K
  class space    used 11964K, committed 12672K, reserved 1048576K
}
Event: 3043.782 GC heap after
{Heap after GC invocations=193 (full 20):
 garbage-first heap   total reserved 2050048K, committed 137216K, used 48542K [0x0000000082e00000, 0x0000000100000000)
  region size 1024K, 3 young (3072K), 3 survivors (3072K)
 Metaspace       used 81859K, committed 82944K, reserved 1179648K
  class space    used 11964K, committed 12672K, reserved 1048576K
}
Event: 3045.003 GC heap before
{Heap before GC invocations=193 (full 20):
 garbage-first heap   total reserved 2050048K, committed 137216K, used 122270K [0x0000000082e00000, 0x0000000100000000)
  region size 1024K, 75 young (76800K), 3 survivors (3072K)
 Metaspace       used 82247K, committed 83328K, reserved 1179648K
  class space    used 11988K, committed 12672K, reserved 1048576K
}
Event: 3045.009 GC heap after
{Heap after GC invocations=194 (full 20):
 garbage-first heap   total reserved 2050048K, committed 137216K, used 50631K [0x0000000082e00000, 0x0000000100000000)
  region size 1024K, 5 young (5120K), 5 survivors (5120K)
 Metaspace       used 82247K, committed 83328K, reserved 1179648K
  class space    used 11988K, committed 12672K, reserved 1048576K
}
Event: 3059.738 GC heap before
{Heap before GC invocations=194 (full 20):
 garbage-first heap   total reserved 2050048K, committed 137216K, used 78279K [0x0000000082e00000, 0x0000000100000000)
  region size 1024K, 33 young (33792K), 5 survivors (5120K)
 Metaspace       used 82259K, committed 83392K, reserved 1179648K
  class space    used 11991K, committed 12672K, reserved 1048576K
}
Event: 3059.814 GC heap after
{Heap after GC invocations=195 (full 21):
 garbage-first heap   total reserved 2050048K, committed 137216K, used 40028K [0x0000000082e00000, 0x0000000100000000)
  region size 1024K, 0 young (0K), 0 survivors (0K)
 Metaspace       used 82257K, committed 83392K, reserved 1179648K
  class space    used 11991K, committed 12672K, reserved 1048576K
}
Event: 3061.214 GC heap before
{Heap before GC invocations=195 (full 21):
 garbage-first heap   total reserved 2050048K, committed 137216K, used 120924K [0x0000000082e00000, 0x0000000100000000)
  region size 1024K, 80 young (81920K), 0 survivors (0K)
 Metaspace       used 82781K, committed 83840K, reserved 1179648K
  class space    used 12048K, committed 12672K, reserved 1048576K
}
Event: 3061.221 GC heap after
{Heap after GC invocations=196 (full 21):
 garbage-first heap   total reserved 2050048K, committed 137216K, used 46580K [0x0000000082e00000, 0x0000000100000000)
  region size 1024K, 7 young (7168K), 7 survivors (7168K)
 Metaspace       used 82781K, committed 83840K, reserved 1179648K
  class space    used 12048K, committed 12672K, reserved 1048576K
}
Event: 3062.311 GC heap before
{Heap before GC invocations=197 (full 21):
 garbage-first heap   total reserved 2050048K, committed 137216K, used 118260K [0x0000000082e00000, 0x0000000100000000)
  region size 1024K, 77 young (78848K), 7 survivors (7168K)
 Metaspace       used 83242K, committed 84288K, reserved 1179648K
  class space    used 12085K, committed 12672K, reserved 1048576K
}
Event: 3062.320 GC heap after
{Heap after GC invocations=198 (full 21):
 garbage-first heap   total reserved 2050048K, committed 137216K, used 48994K [0x0000000082e00000, 0x0000000100000000)
  region size 1024K, 4 young (4096K), 4 survivors (4096K)
 Metaspace       used 83242K, committed 84288K, reserved 1179648K
  class space    used 12085K, committed 12672K, reserved 1048576K
}
Event: 3063.783 GC heap before
{Heap before GC invocations=198 (full 21):
 garbage-first heap   total reserved 2050048K, committed 137216K, used 120674K [0x0000000082e00000, 0x0000000100000000)
  region size 1024K, 74 young (75776K), 4 survivors (4096K)
 Metaspace       used 83630K, committed 84608K, reserved 1179648K
  class space    used 12110K, committed 12672K, reserved 1048576K
}
Event: 3063.789 GC heap after
{Heap after GC invocations=199 (full 21):
 garbage-first heap   total reserved 2050048K, committed 137216K, used 51223K [0x0000000082e00000, 0x0000000100000000)
  region size 1024K, 6 young (6144K), 6 survivors (6144K)
 Metaspace       used 83630K, committed 84608K, reserved 1179648K
  class space    used 12110K, committed 12672K, reserved 1048576K
}
Event: 3065.241 GC heap before
{Heap before GC invocations=199 (full 21):
 garbage-first heap   total reserved 2050048K, committed 137216K, used 61463K [0x0000000082e00000, 0x0000000100000000)
  region size 1024K, 17 young (17408K), 6 survivors (6144K)
 Metaspace       used 83643K, committed 84672K, reserved 1179648K
  class space    used 12113K, committed 12672K, reserved 1048576K
}

